t_name,male_10,male_11,male_12,male_13,male_14A,male_14B,male_14C,male_14D,female_10,female_11,female_12,female_13,female_14A,female_14B,female_14C,female_14D
FBtr0114258,0.0,0.0,0.0,0.0,0.0,0.0,0.0,0.0,0.0,0.0,0.0,0.0,0.0,0.0,0.0,0.0
FBtr0346770,0.0,0.0,0.0,0.0,0.0,0.0,0.0,0.0,0.0,0.0,0.0,0.0,0.0,0.0,0.0,0.0
FBtr0302440,0.0,0.0,0.0,0.0,0.0,0.0,0.0,0.0,0.0,0.0,0.0,0.0,0.0,0.0,0.0,0.0
FBtr0302347,23.712564,11.967821,20.767498,13.566818,18.802116,26.802690999999996,22.819895000000002,11.682728,21.894249,13.922058999999999,16.482141,12.62268,31.800015999999996,22.883186,14.330216,17.20257
FBtr0346769,0.0,0.0,0.0,0.0,0.0,0.0,0.0,0.0,0.0,0.0,0.0,0.0,0.0,0.0,0.0,0.0
FBtr0345282,0.0,0.0,0.0,0.0,0.0,0.0,0.0,0.0,0.0,0.0,0.0,0.0,0.0,0.0,0.0,0.0
FBtr0345281,0.0,0.0,0.0,0.0,0.0,0.0,0.0,0.0,0.0,0.0,0.0,0.0,0.0,0.0,0.0,0.284474
FBtr0300207,0.0,0.0,0.0,0.0,0.0,0.0,0.0,0.0,0.0,0.0,0.0,0.0,0.0,0.0,0.0,0.0
FBtr0113885,10.997173,0.0,0.0,0.0,14.805335000000001,0.0,17.601667000000003,10.729349000000001,0.0,0.0,14.888651000000001,14.518989000000001,20.34367,4.087385,0.0,25.284622
FBtr0301810,19.067923999999998,0.0,14.832370000000001,27.793905,22.290229999999998,7.846396,13.839143,12.905621,18.570707000000002,2.9191830000000003,18.402807,26.431841,27.464781,7.432775,7.349162,22.792486
FBtr0113895,6.315716,3.93539,6.244336,69.94291700000001,67.208557,7.60597,74.979057,53.740306999999994,44.747662,16.834093,52.928318000000004,77.950165,80.80558,31.863932000000002,49.121342,77.608521
FBtr0345179,119.325905,11.631035,120.13729099999999,75.778061,72.81558199999999,123.84921299999999,81.234352,59.657963,48.480839,18.238514000000002,57.343982999999994,86.68630999999999,87.54696700000001,34.522255,53.219402,84.9366
FBtr0301812,6.421,0.0,10.366037,22.998929999999998,25.152847,21.537817,34.438099,17.577929,14.679210999999999,4.000916999999999,18.030527,29.636564,33.500099,10.934458,16.522137,36.918327000000005
FBtr0113990,26.929454999999997,0.0,0.0,28.79262,29.601716999999997,0.0,21.333294,5.26425,17.742254,0.0,38.972218,25.751348,55.026825,0.0,0.0,0.0
FBtr0113991,0.0,0.0,0.0,0.0,0.0,0.0,0.0,0.0,0.0,0.0,0.0,0.0,0.0,0.0,0.0,0.0
FBtr0344573,0.0,0.0,0.0,6.290786,0.0,0.0,0.0,0.0,0.0,0.0,0.0,0.0,0.0,0.0,0.0,0.0
FBtr0113989,8.754889,0.0,25.072079000000002,16.968779,5.586432,0.0,0.0,13.205288000000001,12.339255999999999,0.0,0.0,0.0,4.90731,0.0,14.397744,33.321011
FBtr0336454,0.0,0.0,0.0,0.0,0.0,0.0,0.0,0.0,0.0,0.0,0.0,0.0,0.0,0.0,0.0,0.0
FBtr0339974,0.0,0.0,0.0,0.0,0.0,0.0,0.0,0.0,0.0,0.0,0.0,0.0,0.0,0.0,0.0,0.0
FBtr0301942,0.0,0.0,0.0,0.0,0.0,0.0,0.0,0.0,0.0,0.0,0.0,0.0,0.0,0.0,0.0,0.0
FBtr0113694,0.0,0.0,0.0,0.0,0.0,0.0,0.0,0.0,0.0,0.0,0.0,0.0,0.0,0.0,0.0,0.0
FBtr0302850,0.0,0.0,0.0,0.0,0.0,0.0,0.0,0.0,0.0,0.0,0.0,0.0,0.0,0.0,0.0,0.0
FBtr0113687,0.0,0.0,0.0,0.0,0.0,0.0,0.0,0.0,0.0,0.0,0.0,0.0,0.0,0.0,0.0,0.0
FBtr0113690,0.0,0.0,0.0,0.0,0.0,0.0,0.0,0.0,0.0,0.0,0.0,0.0,0.0,0.0,0.0,0.0
FBtr0113692,0.0,0.0,0.0,0.0,0.0,0.0,0.0,0.0,0.0,0.0,0.0,0.0,0.0,0.0,0.0,0.0
FBtr0302846,0.0,0.0,0.0,0.0,0.0,0.0,0.0,0.0,0.0,0.0,0.0,0.0,0.0,0.0,0.0,0.0
FBtr0302847,0.0,0.0,0.0,0.0,0.0,0.0,0.0,0.0,0.0,0.0,0.0,0.0,0.0,0.0,0.0,0.0
FBtr0302848,0.0,0.0,0.0,0.0,0.0,0.0,0.0,0.0,0.0,0.0,0.0,0.0,0.0,0.0,0.0,0.0
FBtr0302849,0.0,0.0,0.0,0.0,0.0,0.0,0.0,0.0,0.0,0.0,0.0,0.0,0.0,0.0,0.0,0.0
FBtr0114267,0.0,0.0,0.0,0.0,0.0,0.0,0.0,0.0,0.0,0.0,0.0,0.0,0.0,0.0,0.0,0.0
FBtr0333189,0.0,0.0,0.0,0.0,0.0,0.0,0.0,0.0,0.0,0.0,0.0,0.0,0.0,0.0,0.0,0.0
FBtr0301809,0.0,0.0,0.0,0.0,0.0,0.0,0.0,0.0,0.0,0.0,0.0,0.0,0.0,0.0,0.0,0.0
FBtr0078962,0.0,0.0,0.0,0.0,10.948528,28.540128999999997,113.997124,149.225754,0.0,0.0,0.0,0.0,21.171267,23.284073,130.95455900000002,144.459808
FBtr0078961,0.0,0.0,0.0,0.0,0.0,0.0,3.72249,7.730331,0.0,0.0,0.0,0.0,0.0,1.406703,7.087442,5.916852
FBtr0308946,0.0,0.0,0.0,0.0,0.0,0.0,0.0,0.0,0.0,0.0,0.0,0.0,0.0,0.0,0.0,0.0
FBtr0078989,0.0,0.0,0.0,0.0,0.443229,0.0,0.6536649999999999,0.49563,0.0,0.0,0.0,0.0,0.0,0.5506,0.5761270000000001,0.0
FBtr0308945,0.0,0.0,0.0,0.0,0.0,0.0,0.0,0.0,0.0,0.0,0.0,0.0,0.0,0.0,0.0,0.0
FBtr0078964,10.934341,18.783516,25.361501999999998,16.855947,16.798346,0.0,11.090428,0.0,23.064413000000002,8.445495,28.365240000000004,19.938072000000002,13.739297,0.0,0.0,9.097745
FBtr0306022,4.575307,0.0,0.0,9.737658999999999,0.0,0.0,0.0,0.0,0.0,20.303524,0.0,0.0,0.0,0.0,0.0,0.0
FBtr0336703,0.0,0.0,0.0,0.0,0.0,0.0,0.0,0.0,0.0,0.0,0.0,0.0,0.0,0.0,0.0,0.0
FBtr0336704,0.450122,3.0984540000000003,4.9242040000000005,0.0,0.0,0.0,0.0,0.0,5.158787,1.024153,1.625049,0.0,0.0,0.0,0.0,0.0
FBtr0336702,4.6991879999999995,1.633699,1.867632,1.6312659999999999,2.342819,0.0,1.1250040000000001,0.0,2.0234080000000003,1.163203,1.631189,4.117351,2.2311229999999997,0.0,0.0,3.266388
FBtr0078988,0.0,0.0,0.0,0.0,0.0,0.0,0.0,0.0,0.0,0.0,0.0,0.0,0.0,0.0,0.0,0.0
FBtr0111206,0.0,0.0,0.0,0.0,0.0,0.0,0.0,0.0,0.0,0.0,0.0,0.0,0.0,0.0,0.0,0.0
FBtr0078965,0.0,0.0,0.0,0.0,0.0,0.0,0.0,0.0,0.0,0.0,0.0,0.0,0.0,0.0,0.0,0.0
FBtr0078987,0.0,0.0,0.0,0.0,0.090718,0.0,0.297311,0.37196,0.0,0.0,0.0,0.0,0.0,0.0,0.22928800000000002,0.25156799999999996
FBtr0078966,62.077541000000004,33.338778999999995,80.078506,77.130142,68.991005,50.090199,29.70668,35.523590000000006,55.995461,61.77559300000001,69.312782,62.59605,74.38221,61.04455600000001,53.781879,33.205692
FBtr0336705,1.415343,1.9626439999999998,1.704753,0.810712,2.2860139999999998,0.0,0.773109,0.737158,0.0,0.0,1.748935,0.0,3.50355,0.0,0.0,0.664401
FBtr0336706,4.658643,0.0,0.0,0.0,0.0,0.0,0.0,0.0,0.0,0.0,0.0,2.519502,0.0,0.0,0.0,0.0
FBtr0078986,0.0,22.707514,11.29895,0.0,0.0,0.0,2.254515,0.0,24.665703,19.968598999999998,13.832739000000002,5.744788,0.0,0.0,0.0,0.0
FBtr0078985,99.437752,96.304817,118.51425900000001,125.181297,183.233566,214.95297200000002,246.845871,248.65592999999998,86.12571,103.19669300000001,112.972404,127.725517,166.35199,173.359863,248.439011,238.851013
FBtr0078967,22.42108,22.048744,27.867721999999997,28.795563,37.006671999999995,34.876389,41.596252,41.394508,22.798773,24.337334,24.43556,28.268393,33.013962,40.610092,46.737057,40.421634999999995
FBtr0078968,0.0,0.0,0.0,0.0,0.0,0.0,0.0,0.0,0.0,0.0,0.0,0.0,0.0,0.0,0.0,0.0
FBtr0078969,0.0,0.0,0.0,0.0,0.0,0.0,0.0,0.0,0.0,0.0,0.0,0.0,0.0,0.0,0.0,0.0
FBtr0078973,0.0,0.0,0.0,0.0,0.0,0.0,0.0,0.0,0.0,0.0,0.0,0.0,0.0,0.0,0.0,0.0
FBtr0309256,0.0,0.0,0.0,0.0,0.0,0.0,0.0,0.0,0.0,0.0,0.0,0.0,0.0,0.0,0.0,0.0
FBtr0336707,0.0,0.0,0.0,0.0,0.0,0.0,0.0,0.0,0.0,0.0,0.0,0.0,0.0,0.0,0.0,0.0
FBtr0078971,0.0,0.0,0.0,0.0,0.0,0.0,0.0,0.0,0.0,0.0,0.0,0.0,0.0,0.0,0.0,0.0
FBtr0309257,0.0,0.0,0.0,0.0,0.0,0.0,0.0,0.0,0.0,0.0,0.0,0.0,0.0,0.0,0.0,0.0
FBtr0089688,0.0,0.0,0.0,0.0,0.0,0.0,0.0,0.0,0.0,0.0,0.0,0.0,0.0,0.0,0.0,0.0
FBtr0309258,0.0,0.0,0.0,0.0,0.0,0.0,0.0,0.0,0.0,0.0,0.0,0.0,0.0,0.0,0.0,0.0
FBtr0089687,0.0,0.0,0.0,0.0,0.0,0.0,0.0,0.0,0.0,0.0,0.0,0.0,0.0,0.0,0.0,0.0
FBtr0112501,0.0,0.0,0.0,0.0,0.0,0.0,0.0,0.0,0.0,0.0,0.0,0.0,0.0,0.0,0.0,0.0
FBtr0113190,0.0,0.0,0.0,0.0,0.0,0.0,0.0,0.0,0.0,0.0,0.0,0.0,0.0,0.0,0.0,0.0
FBtr0078975,0.0,0.0,0.0,0.0,0.0,0.0,0.0,0.0,0.0,0.0,0.0,0.0,0.0,0.0,0.0,0.0
FBtr0336709,0.0,0.0,0.0,0.0,0.0,0.0,0.0,0.0,0.0,0.0,0.0,0.0,0.0,0.0,0.0,0.0
FBtr0078982,0.0,0.0,0.0,0.0,0.0,0.0,0.0,0.0,0.0,0.0,0.0,0.0,0.0,0.0,0.0,0.0
FBtr0346145,0.0,0.0,0.0,0.0,0.0,0.0,0.0,0.0,0.0,0.0,0.0,0.0,0.0,0.0,0.0,0.0
FBtr0078981,0.0,0.0,0.0,0.0,0.0,0.0,0.0,0.0,0.0,0.0,0.0,0.0,0.0,0.0,0.0,0.0
FBtr0336708,0.0,0.0,0.0,0.0,0.0,0.0,0.0,0.0,0.0,0.0,0.0,0.0,0.0,0.0,0.0,0.0
FBtr0078976,0.0,0.0,0.0,0.0,0.0,0.0,0.0,0.0,0.0,0.0,0.0,0.0,0.0,0.0,0.0,0.0
FBtr0078977,0.0,0.0,0.0,0.0,0.0,0.0,0.0,0.0,0.0,0.0,0.0,0.0,0.0,0.0,0.0,0.0
FBtr0336480,0.0,0.0,0.0,0.0,0.0,0.0,0.0,0.0,0.0,0.0,0.0,0.0,0.0,0.0,0.0,0.0
FBtr0336481,0.0,0.0,0.0,0.0,0.0,0.0,0.0,0.0,0.0,0.0,0.0,0.0,0.0,0.0,0.0,0.0
FBtr0113191,0.0,0.0,0.0,0.0,0.0,0.0,0.0,0.0,0.0,0.0,0.0,0.0,0.0,0.0,0.0,0.0
FBtr0346235,0.0,0.0,0.0,0.0,0.0,0.0,0.0,0.0,0.0,0.0,0.0,0.0,0.0,0.0,0.0,0.0
FBtr0078897,0.0,0.0,0.0,0.0,0.0,0.0,0.0,0.0,0.0,0.0,0.0,0.0,0.0,0.0,0.0,0.0
FBtr0336482,0.0,0.0,0.0,0.0,0.0,0.0,0.0,0.0,0.0,0.0,0.0,0.0,0.0,0.0,0.0,0.0
FBtr0078898,0.0,0.0,0.0,0.0,0.0,0.0,0.0,0.0,0.0,0.0,0.0,0.0,0.0,0.0,0.0,0.0
FBtr0078899,0.0,0.0,0.0,0.0,0.0,0.0,0.0,0.0,0.0,0.0,0.0,0.0,0.0,0.0,0.0,0.0
FBtr0301768,0.0,0.0,0.0,0.0,0.0,0.0,0.0,0.0,0.0,0.0,0.0,0.0,0.0,0.0,0.0,0.0
FBtr0301769,0.0,0.0,0.0,0.0,0.0,0.0,0.0,0.0,0.0,0.0,0.0,0.0,0.0,0.0,0.0,0.0
FBtr0078900,0.0,0.0,0.0,0.0,0.0,0.0,0.0,0.0,0.0,0.0,0.0,0.0,0.0,0.0,0.0,0.0
FBtr0078902,0.0,0.0,0.0,0.0,0.0,0.0,0.0,0.0,0.0,0.0,0.0,0.0,0.0,0.0,0.0,0.0
FBtr0113338,0.0,0.0,0.0,0.0,0.0,0.0,0.0,0.0,0.0,0.0,0.0,0.0,0.0,0.0,0.0,0.0
FBtr0113340,0.0,0.0,0.0,0.0,0.0,0.0,0.0,0.0,0.0,0.0,0.0,0.0,0.0,0.0,0.0,0.0
FBtr0301770,0.0,0.0,0.0,0.0,0.0,0.0,0.0,0.0,0.0,0.0,0.0,0.0,0.0,0.0,0.0,0.0
FBtr0113341,0.0,0.0,0.0,0.0,0.0,0.0,0.0,0.0,0.0,0.0,0.0,0.0,0.0,0.0,0.0,0.0
FBtr0300789,0.0,0.0,0.0,0.0,0.0,0.0,0.0,0.0,0.0,0.0,0.0,0.0,0.0,0.0,0.0,0.0
FBtr0301771,0.0,0.0,0.0,0.0,0.0,0.0,0.0,0.0,0.0,0.0,0.0,0.0,0.0,0.0,0.0,0.0
FBtr0078901,0.0,0.0,0.0,0.0,0.0,0.0,0.0,0.0,0.0,0.0,0.0,0.0,0.0,0.0,0.0,0.0
FBtr0301772,0.0,0.0,0.0,0.0,0.0,0.0,0.0,0.0,0.0,0.0,0.0,0.0,0.0,0.0,0.0,0.0
FBtr0310506,0.0,0.0,0.0,0.0,0.0,0.0,0.0,0.0,0.0,0.0,0.0,0.0,0.0,0.0,0.0,0.0
FBtr0100500,0.0,0.0,0.0,0.0,0.0,0.0,0.0,0.0,0.0,0.0,0.0,0.0,0.0,0.0,0.0,0.0
FBtr0113337,0.0,0.0,0.0,0.0,0.0,0.0,0.0,0.0,0.0,0.0,0.0,0.0,0.0,0.0,0.0,0.0
FBtr0310614,0.0,0.0,0.0,0.0,0.0,0.0,0.0,0.0,0.0,0.0,0.0,0.0,0.0,0.0,0.0,0.0
FBtr0078959,0.0,0.0,0.0,0.0,0.0,0.0,0.0,0.0,0.0,0.0,0.0,0.0,0.0,0.0,0.0,0.0
FBtr0100499,0.0,0.0,0.0,0.0,0.0,0.0,0.0,0.0,0.0,0.0,0.0,0.0,0.0,0.0,0.0,0.0
FBtr0304264,0.0,0.0,0.0,0.0,0.0,0.0,0.0,0.0,0.0,0.0,0.0,0.0,0.0,0.0,0.0,0.0
