t_name	SRR072893	SRR072915	SRR072916	total
FBtr0078769	954.192017	1699.380493	1652.8027339999999	4306.375244
FBtr0078705	1310.891479	2191.13208	2454.24585	5956.2694089999995
FBtr0081635	379.55560299999996	928.965149	714.553772	2023.0745239999999
FBtr0081639	1286.63916	3218.413086	3231.1640620000003	7736.216308000001
FBtr0082136	1569.939331	3363.201172	2716.084717	7649.22522
FBtr0082344	693.504333	1342.399658	2348.961914	4384.865905000001
FBtr0082370	1996.4160160000001	3724.97583	3241.521973	8962.913819000001
FBtr0082346	1687.1816410000001	2816.830566	3402.086426	7906.098633
FBtr0082606	0.0	2649.069092	2410.505371	5059.574463000001
FBtr0082980	5.494705000000001	1568.88208	1020.850098	2595.2268830000003
FBtr0083006	1137.638672	1493.907837	1989.307007	4620.853516
FBtr0083057	2415.525635	3344.470215	3703.084717	9463.080566999999
FBtr0083120	497.468933	790.181458	715.112061	2002.7624520000002
FBtr0083565	685.787903	951.225342	964.850525	2601.86377
FBtr0083964	1849.571655	3174.364014	3214.557129	8238.492798
FBtr0346148	606.321167	905.546448	1076.775513	2588.643128
FBtr0083969	701.315308	1047.421265	1245.477295	2994.213868
FBtr0084410	1509.616333	2814.400146	1381.258423	5705.274902
FBtr0084932	1126.616943	2864.871338	340.66986099999997	4332.158142
FBtr0331360	435.568268	19.181234	2061.395752	2516.145254
FBtr0085062	1121.856689	2100.6408690000003	2052.675781	5275.173339
FBtr0085248	55.145996	2410.228271	2527.345703	4992.71997
FBtr0085392	634.634827	1489.421265	1430.8286130000001	3554.884705
FBtr0310274	708.59729	86.006203	1257.505981	2052.109474
FBtr0346158	801.186462	2388.454834	1340.555298	4530.196594
FBtr0085592	1497.315063	2650.7265620000003	2151.8955079999996	6299.937132999999
FBtr0089422	1337.43457	2336.087158	2268.509521	5942.031249
FBtr0089425	1213.9782710000002	2118.139893	2054.174072	5386.292236
FBtr0085805	1342.073486	2933.626953	2586.641357	6862.341796000001
FBtr0310268	578.8742679999999	894.5238039999999	885.295532	2358.693604
FBtr0072805	1753.053345	560.252808	2800.94458	5114.250733
FBtr0072924	1157.602905	2251.838623	2100.967041	5510.408569
FBtr0073097	962.246155	1924.86731	1947.769043	4834.882508000001
FBtr0076892	903.519714	1915.883911	1711.884155	4531.28778
FBtr0076633	1428.248657	2910.364502	2790.35498	7128.9681390000005
FBtr0076479	1316.340698	873.486633	1069.369263	3259.196594
FBtr0076423	1451.7438960000002	2786.5625	2824.786377	7063.092773
FBtr0076032	1367.209961	2862.594971	2922.584961	7152.389893
FBtr0075878	1209.772705	539.8601070000001	1846.794434	3596.427246
FBtr0075884	2018.457397	3169.5698239999997	3286.678223	8474.705444
FBtr0075066	1289.574341	2624.892822	2204.836914	6119.304077
FBtr0078481	1032.423096	1819.064209	617.844666	3469.3319709999996
FBtr0113742	1174.7854	1769.819946	501.458191	3446.0635370000005
FBtr0088525	1926.4509280000002	2726.0161129999997	2485.16748	7137.634521
FBtr0088058	572.74469	701.477173	759.921448	2034.143311
FBtr0088035	6517.760254	8381.533203	8873.208008	23772.501465
FBtr0087676	0.747332	1799.4862059999998	1527.792725	3328.0262629999997
FBtr0087575	691.745239	1270.966431	1089.01123	3051.7229
FBtr0339970	1082.024658	2005.2239989999998	1707.886841	4795.135498
FBtr0087123	2124.9423829999996	4837.398926	4285.730957	11248.072266
FBtr0087105	1647.116089	3659.875	3208.282959	8515.274048
FBtr0086947	1174.199585	2925.7502440000003	2908.259521	7008.20935
FBtr0086515	589.4738769999999	1098.35083	960.6345210000001	2648.459228
FBtr0086536	1805.8574219999998	3730.1992189999996	3500.63501	9036.691651
FBtr0086273	1098.293091	2130.525391	1996.3760989999998	5225.194581
FBtr0086274	947.85968	1635.9941410000001	1379.892944	3963.746765
FBtr0086268	2.104609	4668.350098	3408.7158200000003	8079.170527
FBtr0071592	666.62085	981.773132	1256.413208	2904.80719
FBtr0071593	935.275513	1543.461914	1083.8847660000001	3562.622193
FBtr0071708	565.687988	784.2676389999999	718.844238	2068.799865
FBtr0071855	855.2318730000001	2790.5234379999997	2870.756104	6516.511415
FBtr0071935	1470.583862	3015.092773	2589.716064	7075.392699
FBtr0071897	1440.241821	2078.446533	2350.943604	5869.631958
FBtr0072188	1093.497925	1802.3955079999998	1459.860229	4355.753661999999
FBtr0072173	1236.1719970000001	2947.042725	2316.325439	6499.540161
FBtr0072185	1226.353149	2547.985107	1977.3886719999998	5751.726928
FBtr0100231	4871.613281	8397.803711	6892.838379000001	20162.255371
FBtr0072406	1963.4746089999999	3035.091797	2818.965088	7817.531494
FBtr0345321	450.843903	1449.523682	499.89199800000006	2400.259583
FBtr0070155	417.950592	1555.741577	752.7540280000001	2726.446197
FBtr0070148	793.0300900000001	1443.823608	1580.921143	3817.774841
FBtr0070290	1379.9880369999998	2570.9770510000003	2845.253906	6796.218994
FBtr0070801	812.58429	1830.592041	1363.887085	4007.063416
FBtr0070823	1560.049561	1748.519409	1905.8646239999998	5214.433594
FBtr0070915	1184.4316410000001	2635.883545	1786.1428219999998	5606.458008
FBtr0070980	725.9537349999999	1134.2092289999998	1141.055542	3001.2185059999997
FBtr0071135	1676.7341310000002	2951.22583	2760.0463870000003	7388.006348000001
FBtr0071360	1184.65625	2397.1254879999997	2000.3228760000002	5582.104614
FBtr0073421	601.908813	766.929382	805.550659	2174.388854
FBtr0346384	579.5938110000001	737.20575	781.168945	2097.968506
FBtr0073471	1006.7330929999999	686.9717410000001	646.1511230000001	2339.855957
FBtr0300828	980.28717	1653.831665	1646.377319	4280.4961539999995
FBtr0330403	1501.439087	2891.555664	2646.791748	7039.786499
FBtr0074311	538.6887820000001	2007.87854	828.4999389999999	3375.0672609999997
FBtr0074406	363.36911000000003	916.5437009999999	828.757446	2108.6702569999998
FBtr0074731	936.9020390000001	1722.5625	1882.223389	4541.687928
FBtr0078056	1634.578491	2707.83667	2721.9646	7064.379761
FBtr0077714	117.136627	1261.79895	954.203674	2333.139251
FBtr0273293	698.525146	1288.005615	1072.338257	3058.8690180000003
FBtr0077470	1627.487183	2800.8833010000003	2456.665283	6885.035766999999
FBtr0077452	758.0020139999999	1934.781616	1205.686401	3898.470031
FBtr0345285	551.842285	1143.814819	1143.411255	2839.068359
FBtr0335136	534.406555	1107.675049	1107.284546	2749.36615
FBtr0079176	884.736816	1280.9155269999999	1613.4804689999999	3779.132812
FBtr0079565	731.156433	2359.233643	2560.946289	5651.336365
FBtr0345332	809.6151120000001	1137.1838380000002	945.241516	2892.0404660000004
FBtr0079546	910.59552	1288.5507810000001	1063.138062	3262.284363
FBtr0100541	692.341187	3746.5205079999996	1071.258301	5510.119995999999
FBtr0079905	1041.5683589999999	235.60817000000003	3580.9235840000006	4858.100113
